<?xml version="1.0" encoding="UTF-8"?>
<testsuite name="AssemblyTest" tests="6" skipped="0" failures="0" errors="0" timestamp="2020-07-13T09:12:50" hostname="MacBook-Pro-de-Lukas.local" time="0.014">
  <properties/>
  <testcase name="addCharacterWithUnauthorizedRoleNOK()" classname="AssemblyTest" time="0.001"/>
  <testcase name="changeNameAsNotMasterNOK()" classname="AssemblyTest" time="0.002"/>
  <testcase name="checkFirstCharacterIsMasterOK()" classname="AssemblyTest" time="0.001"/>
  <testcase name="getNewMasterOK()" classname="AssemblyTest" time="0.003"/>
  <testcase name="addCharacterWithAllowedRoleOK()" classname="AssemblyTest" time="0.001"/>
  <testcase name="changeNameAsMasterOK()" classname="AssemblyTest" time="0.001"/>
  <system-out><![CDATA[]]></system-out>
  <system-err><![CDATA[]]></system-err>
</testsuite>
