<?xml version="1.0" encoding="UTF-8"?>
<testsuite name="EntityTest" tests="2" skipped="0" failures="0" errors="0" timestamp="2020-07-13T09:12:50" hostname="MacBook-Pro-de-Lukas.local" time="0.003">
  <properties/>
  <testcase name="testIsDeadOK()" classname="EntityTest" time="0.001"/>
  <testcase name="testTakeDamageOK()" classname="EntityTest" time="0.001"/>
  <system-out><![CDATA[]]></system-out>
  <system-err><![CDATA[]]></system-err>
</testsuite>
